<?xml version="1.0" encoding="UTF-8"?>
<!-- Generated by org.testng.reporters.JUnitReportReporter -->
<testsuite hostname="Tri03-9NTVH32" name="com.trianz.SimpleAndroidSettingTest" tests="1" failures="0" timestamp="15 May 2017 11:10:06 GMT" time="139.138" errors="0">
  <testcase name="Setting" time="139.138" classname="com.trianz.SimpleAndroidSettingTest"/>
</testsuite> <!-- com.trianz.SimpleAndroidSettingTest -->
